-- The C compiler identification is GNU 13.3.0
-- The CXX compiler identification is GNU 13.3.0
-- Detecting C compiler ABI info
-- Detecting C compiler ABI info - done
-- Check for working C compiler: /usr/bin/cc - skipped
-- Detecting C compile features
-- Detecting C compile features - done
-- Detecting CXX compiler ABI info
-- Detecting CXX compiler ABI info - done
-- Check for working CXX compiler: /usr/bin/c++ - skipped
-- Detecting CXX compile features
-- Detecting CXX compile features - done
-- Found ament_cmake: 2.5.5 (/opt/ros/jazzy/share/ament_cmake/cmake)
-- Found Python3: /usr/bin/python3 (found version "3.12.3") found components: Interpreter 
-- Override CMake install command with custom implementation using symlinks instead of copying resources
-- Found sensor_msgs: 5.3.6 (/opt/ros/jazzy/share/sensor_msgs/cmake)
-- Found rosidl_generator_c: 4.6.7 (/opt/ros/jazzy/share/rosidl_generator_c/cmake)
-- Found rosidl_generator_cpp: 4.6.7 (/opt/ros/jazzy/share/rosidl_generator_cpp/cmake)
-- Using all available rosidl_typesupport_c: rosidl_typesupport_fastrtps_c;rosidl_typesupport_introspection_c
-- Using all available rosidl_typesupport_cpp: rosidl_typesupport_fastrtps_cpp;rosidl_typesupport_introspection_cpp
-- Found std_srvs: 5.3.6 (/opt/ros/jazzy/share/std_srvs/cmake)
-- Found rclcpp: 28.1.16 (/opt/ros/jazzy/share/rclcpp/cmake)
-- Found rmw_implementation_cmake: 7.3.3 (/opt/ros/jazzy/share/rmw_implementation_cmake/cmake)
-- Found rmw_zenoh_cpp: 0.2.9 (/opt/ros/jazzy/share/rmw_zenoh_cpp/cmake)
-- Using RMW implementation 'rmw_zenoh_cpp' as default
-- Found tf2: 0.36.19 (/opt/ros/jazzy/share/tf2/cmake)
-- Found ament_lint_auto: 0.17.4 (/opt/ros/jazzy/share/ament_lint_auto/cmake)
-- Added test 'cppcheck' to perform static code analysis on C / C++ code
-- Configured cppcheck include dirs: $<BUILD_INTERFACE:/home/ivan/ros2_ws/src/imu_tools/include>
-- Configured cppcheck exclude dirs and/or files: 
-- Added test 'flake8' to check Python code syntax and style conventions
-- Configured 'flake8' exclude dirs and/or files: 
-- Added test 'lint_cmake' to check CMake code style
-- Added test 'pep257' to check Python code against some of the docstring style conventions in PEP 257
-- Added test 'uncrustify' to check C / C++ code style
-- Configured uncrustify additional arguments: 
-- Added test 'xmllint' to check XML markup files
-- Configuring done (3.4s)
-- Generating done (0.0s)
-- Build files have been written to: /home/ivan/ros2_ws/src/imu_tools/build/imu_tools
[ 16%] [32mBuilding CXX object CMakeFiles/serialib.dir/src/serialib.cpp.o[0m
[ 33%] [32m[1mLinking CXX static library libserialib.a[0m
[ 33%] Built target serialib
[ 50%] [32mBuilding CXX object CMakeFiles/imu_calibrator.dir/src/imu_calibrate.cc.o[0m
[ 66%] [32mBuilding CXX object CMakeFiles/imu_publisher.dir/src/imu_publisher.cc.o[0m
[ 83%] [32m[1mLinking CXX executable imu_calibrator[0m
[ 83%] Built target imu_calibrator
[100%] [32m[1mLinking CXX executable imu_publisher[0m
[100%] Built target imu_publisher
-- Install configuration: ""
-- Execute custom install script
-- Symlinking: /home/ivan/ros2_ws/src/imu_tools/install/imu_tools/share/imu_tools/config/imu_config.yaml
-- Symlinking: /home/ivan/ros2_ws/src/imu_tools/install/imu_tools/share/imu_tools/config/params.yaml
-- Symlinking: /home/ivan/ros2_ws/src/imu_tools/install/imu_tools/share/imu_tools/launch/imu.launch.py
-- Symlinking: /home/ivan/ros2_ws/src/imu_tools/install/imu_tools/lib/imu_tools/imu_calibrator
-- Symlinking: /home/ivan/ros2_ws/src/imu_tools/install/imu_tools/lib/imu_tools/imu_publisher
-- Symlinking: /home/ivan/ros2_ws/src/imu_tools/install/imu_tools/share/ament_index/resource_index/package_run_dependencies/imu_tools
-- Symlinking: /home/ivan/ros2_ws/src/imu_tools/install/imu_tools/share/ament_index/resource_index/parent_prefix_path/imu_tools
-- Symlinking: /home/ivan/ros2_ws/src/imu_tools/install/imu_tools/share/imu_tools/environment/ament_prefix_path.sh
-- Symlinking: /home/ivan/ros2_ws/src/imu_tools/install/imu_tools/share/imu_tools/environment/ament_prefix_path.dsv
-- Symlinking: /home/ivan/ros2_ws/src/imu_tools/install/imu_tools/share/imu_tools/environment/path.sh
-- Symlinking: /home/ivan/ros2_ws/src/imu_tools/install/imu_tools/share/imu_tools/environment/path.dsv
-- Symlinking: /home/ivan/ros2_ws/src/imu_tools/install/imu_tools/share/imu_tools/local_setup.bash
-- Symlinking: /home/ivan/ros2_ws/src/imu_tools/install/imu_tools/share/imu_tools/local_setup.sh
-- Symlinking: /home/ivan/ros2_ws/src/imu_tools/install/imu_tools/share/imu_tools/local_setup.zsh
-- Symlinking: /home/ivan/ros2_ws/src/imu_tools/install/imu_tools/share/imu_tools/local_setup.dsv
-- Symlinking: /home/ivan/ros2_ws/src/imu_tools/install/imu_tools/share/imu_tools/package.dsv
-- Symlinking: /home/ivan/ros2_ws/src/imu_tools/install/imu_tools/share/ament_index/resource_index/packages/imu_tools
-- Symlinking: /home/ivan/ros2_ws/src/imu_tools/install/imu_tools/share/imu_tools/cmake/imu_toolsConfig.cmake
-- Symlinking: /home/ivan/ros2_ws/src/imu_tools/install/imu_tools/share/imu_tools/cmake/imu_toolsConfig-version.cmake
-- Symlinking: /home/ivan/ros2_ws/src/imu_tools/install/imu_tools/share/imu_tools/package.xml
