[0.504s] DEBUG:colcon:Command line arguments: ['/usr/bin/colcon', 'build', '--symlink-install', '--packages-select', 'imu_tools']
[0.504s] DEBUG:colcon:Parsed command line arguments: Namespace(log_base=None, log_level=None, verb_name='build', build_base='build', install_base='install', merge_install=False, symlink_install=True, test_result_base=None, continue_on_error=False, executor='parallel', parallel_workers=8, event_handlers=None, ignore_user_meta=False, metas=['./colcon.meta'], base_paths=['.'], packages_ignore=None, packages_ignore_regex=None, paths=None, packages_up_to=None, packages_up_to_regex=None, packages_above=None, packages_above_and_dependencies=None, packages_above_depth=None, packages_select_by_dep=None, packages_skip_by_dep=None, packages_skip_up_to=None, packages_select_build_failed=False, packages_skip_build_finished=False, packages_select_test_failures=False, packages_skip_test_passed=False, packages_select=['imu_tools'], packages_skip=None, packages_select_regex=None, packages_skip_regex=None, packages_start=None, packages_end=None, allow_overriding=[], cmake_args=None, cmake_target=None, cmake_target_skip_unavailable=False, cmake_clean_cache=False, cmake_clean_first=False, cmake_force_configure=False, meson_args=[], ament_cmake_args=None, catkin_cmake_args=None, catkin_skip_building_tests=False, mixin_files=None, mixin=None, verb_parser=<colcon_mixin.mixin.mixin_argument.MixinArgumentDecorator object at 0x750713bc8f80>, verb_extension=<colcon_core.verb.build.BuildVerb object at 0x7507142615e0>, main=<bound method BuildVerb.main of <colcon_core.verb.build.BuildVerb object at 0x7507142615e0>>, mixin_verb=('build',))
[0.597s] Level 1:colcon.colcon_core.package_discovery:discover_packages(colcon_meta) check parameters
[0.598s] Level 1:colcon.colcon_core.package_discovery:discover_packages(recursive) check parameters
[0.598s] Level 1:colcon.colcon_core.package_discovery:discover_packages(ignore) check parameters
[0.598s] Level 1:colcon.colcon_core.package_discovery:discover_packages(path) check parameters
[0.598s] Level 1:colcon.colcon_core.package_discovery:discover_packages(colcon_meta) discover
[0.598s] Level 1:colcon.colcon_core.package_discovery:discover_packages(recursive) discover
[0.598s] INFO:colcon.colcon_core.package_discovery:Crawling recursively for packages in '/home/ivan/ros2_ws/src/imu_tools'
[0.599s] Level 1:colcon.colcon_core.package_identification:_identify(.) by extensions ['ignore', 'ignore_ament_install']
[0.599s] Level 1:colcon.colcon_core.package_identification:_identify(.) by extension 'ignore'
[0.599s] Level 1:colcon.colcon_core.package_identification:_identify(.) by extension 'ignore_ament_install'
[0.599s] Level 1:colcon.colcon_core.package_identification:_identify(.) by extensions ['colcon_pkg']
[0.599s] Level 1:colcon.colcon_core.package_identification:_identify(.) by extension 'colcon_pkg'
[0.599s] Level 1:colcon.colcon_core.package_identification:_identify(.) by extensions ['colcon_meta']
[0.599s] Level 1:colcon.colcon_core.package_identification:_identify(.) by extension 'colcon_meta'
[0.599s] Level 1:colcon.colcon_core.package_identification:_identify(.) by extensions ['ros']
[0.599s] Level 1:colcon.colcon_core.package_identification:_identify(.) by extension 'ros'
[0.688s] DEBUG:colcon.colcon_core.package_identification:Package '.' with type 'ros.ament_cmake' and name 'imu_tools'
[0.688s] Level 1:colcon.colcon_core.package_discovery:discover_packages(recursive) using defaults
[0.688s] Level 1:colcon.colcon_core.package_discovery:discover_packages(ignore) discover
[0.688s] Level 1:colcon.colcon_core.package_discovery:discover_packages(ignore) using defaults
[0.689s] Level 1:colcon.colcon_core.package_discovery:discover_packages(path) discover
[0.689s] Level 1:colcon.colcon_core.package_discovery:discover_packages(path) using defaults
[0.714s] Level 1:colcon.colcon_core.package_discovery:discover_packages(prefix_path) check parameters
[0.714s] Level 1:colcon.colcon_core.package_discovery:discover_packages(prefix_path) discover
[0.718s] DEBUG:colcon.colcon_installed_package_information.package_discovery:Found 9 installed packages in /home/ivan/ros2_ws/install
[0.722s] DEBUG:colcon.colcon_installed_package_information.package_discovery:Found 499 installed packages in /opt/ros/jazzy
[0.726s] Level 1:colcon.colcon_core.package_discovery:discover_packages(prefix_path) using defaults
[0.850s] Level 5:colcon.colcon_core.verb:set package 'imu_tools' build argument 'cmake_args' from command line to 'None'
[0.850s] Level 5:colcon.colcon_core.verb:set package 'imu_tools' build argument 'cmake_target' from command line to 'None'
[0.850s] Level 5:colcon.colcon_core.verb:set package 'imu_tools' build argument 'cmake_target_skip_unavailable' from command line to 'False'
[0.850s] Level 5:colcon.colcon_core.verb:set package 'imu_tools' build argument 'cmake_clean_cache' from command line to 'False'
[0.850s] Level 5:colcon.colcon_core.verb:set package 'imu_tools' build argument 'cmake_clean_first' from command line to 'False'
[0.850s] Level 5:colcon.colcon_core.verb:set package 'imu_tools' build argument 'cmake_force_configure' from command line to 'False'
[0.850s] Level 5:colcon.colcon_core.verb:set package 'imu_tools' build argument 'meson_args' from command line to '[]'
[0.850s] Level 5:colcon.colcon_core.verb:set package 'imu_tools' build argument 'ament_cmake_args' from command line to 'None'
[0.850s] Level 5:colcon.colcon_core.verb:set package 'imu_tools' build argument 'catkin_cmake_args' from command line to 'None'
[0.850s] Level 5:colcon.colcon_core.verb:set package 'imu_tools' build argument 'catkin_skip_building_tests' from command line to 'False'
[0.851s] DEBUG:colcon.colcon_core.verb:Building package 'imu_tools' with the following arguments: {'ament_cmake_args': None, 'build_base': '/home/ivan/ros2_ws/src/imu_tools/build/imu_tools', 'catkin_cmake_args': None, 'catkin_skip_building_tests': False, 'cmake_args': None, 'cmake_clean_cache': False, 'cmake_clean_first': False, 'cmake_force_configure': False, 'cmake_target': None, 'cmake_target_skip_unavailable': False, 'install_base': '/home/ivan/ros2_ws/src/imu_tools/install/imu_tools', 'merge_install': False, 'meson_args': [], 'path': '/home/ivan/ros2_ws/src/imu_tools', 'symlink_install': True, 'test_result_base': None}
[0.851s] INFO:colcon.colcon_core.executor:Executing jobs using 'parallel' executor
[0.854s] DEBUG:colcon.colcon_parallel_executor.executor.parallel:run_until_complete
[0.855s] INFO:colcon.colcon_ros.task.ament_cmake.build:Building ROS package in '/home/ivan/ros2_ws/src/imu_tools' with build type 'ament_cmake'
[0.855s] INFO:colcon.colcon_cmake.task.cmake.build:Building CMake package in '/home/ivan/ros2_ws/src/imu_tools'
[0.861s] INFO:colcon.colcon_core.plugin_system:Skipping extension 'colcon_core.shell.bat': Not used on non-Windows systems
[0.862s] INFO:colcon.colcon_core.shell:Skip shell extension 'powershell' for command environment: Not usable outside of PowerShell
[0.862s] DEBUG:colcon.colcon_core.shell:Skip shell extension 'dsv' for command environment
[0.888s] DEBUG:colcon.colcon_core.event_handler.log_command:Invoking command in '/home/ivan/ros2_ws/src/imu_tools/build/imu_tools': CMAKE_PREFIX_PATH=${CMAKE_PREFIX_PATH}:/home/ivan/ros2_ws/install/serial_motor_demo:/home/ivan/ros2_ws/install/frontier_exploration:/home/ivan/ros2_ws/install/arduino_joystick:/opt/ros/jazzy DEBUGINFOD_URLS=https://debuginfod.ubuntu.com /usr/bin/cmake /home/ivan/ros2_ws/src/imu_tools -DAMENT_CMAKE_SYMLINK_INSTALL=1 -DCMAKE_INSTALL_PREFIX=/home/ivan/ros2_ws/src/imu_tools/install/imu_tools
[4.396s] DEBUG:colcon.colcon_core.event_handler.log_command:Invoked command in '/home/ivan/ros2_ws/src/imu_tools/build/imu_tools' returned '0': CMAKE_PREFIX_PATH=${CMAKE_PREFIX_PATH}:/home/ivan/ros2_ws/install/serial_motor_demo:/home/ivan/ros2_ws/install/frontier_exploration:/home/ivan/ros2_ws/install/arduino_joystick:/opt/ros/jazzy DEBUGINFOD_URLS=https://debuginfod.ubuntu.com /usr/bin/cmake /home/ivan/ros2_ws/src/imu_tools -DAMENT_CMAKE_SYMLINK_INSTALL=1 -DCMAKE_INSTALL_PREFIX=/home/ivan/ros2_ws/src/imu_tools/install/imu_tools
[4.400s] DEBUG:colcon.colcon_core.event_handler.log_command:Invoking command in '/home/ivan/ros2_ws/src/imu_tools/build/imu_tools': CMAKE_PREFIX_PATH=${CMAKE_PREFIX_PATH}:/home/ivan/ros2_ws/install/serial_motor_demo:/home/ivan/ros2_ws/install/frontier_exploration:/home/ivan/ros2_ws/install/arduino_joystick:/opt/ros/jazzy DEBUGINFOD_URLS=https://debuginfod.ubuntu.com /usr/bin/cmake --build /home/ivan/ros2_ws/src/imu_tools/build/imu_tools -- -j8 -l8
[27.068s] DEBUG:colcon.colcon_core.event_handler.log_command:Invoked command in '/home/ivan/ros2_ws/src/imu_tools/build/imu_tools' returned '0': CMAKE_PREFIX_PATH=${CMAKE_PREFIX_PATH}:/home/ivan/ros2_ws/install/serial_motor_demo:/home/ivan/ros2_ws/install/frontier_exploration:/home/ivan/ros2_ws/install/arduino_joystick:/opt/ros/jazzy DEBUGINFOD_URLS=https://debuginfod.ubuntu.com /usr/bin/cmake --build /home/ivan/ros2_ws/src/imu_tools/build/imu_tools -- -j8 -l8
[27.096s] DEBUG:colcon.colcon_core.event_handler.log_command:Invoking command in '/home/ivan/ros2_ws/src/imu_tools/build/imu_tools': CMAKE_PREFIX_PATH=${CMAKE_PREFIX_PATH}:/home/ivan/ros2_ws/install/serial_motor_demo:/home/ivan/ros2_ws/install/frontier_exploration:/home/ivan/ros2_ws/install/arduino_joystick:/opt/ros/jazzy DEBUGINFOD_URLS=https://debuginfod.ubuntu.com /usr/bin/cmake --install /home/ivan/ros2_ws/src/imu_tools/build/imu_tools
[27.667s] Level 1:colcon.colcon_core.environment:create_environment_scripts_only(imu_tools)
[27.669s] DEBUG:colcon.colcon_core.event_handler.log_command:Invoked command in '/home/ivan/ros2_ws/src/imu_tools/build/imu_tools' returned '0': CMAKE_PREFIX_PATH=${CMAKE_PREFIX_PATH}:/home/ivan/ros2_ws/install/serial_motor_demo:/home/ivan/ros2_ws/install/frontier_exploration:/home/ivan/ros2_ws/install/arduino_joystick:/opt/ros/jazzy DEBUGINFOD_URLS=https://debuginfod.ubuntu.com /usr/bin/cmake --install /home/ivan/ros2_ws/src/imu_tools/build/imu_tools
[27.676s] Level 1:colcon.colcon_core.environment:checking '/home/ivan/ros2_ws/src/imu_tools/install/imu_tools' for CMake module files
[27.677s] Level 1:colcon.colcon_core.environment:checking '/home/ivan/ros2_ws/src/imu_tools/install/imu_tools' for CMake config files
[27.678s] Level 1:colcon.colcon_core.shell:create_environment_hook('imu_tools', 'cmake_prefix_path')
[27.679s] INFO:colcon.colcon_core.shell:Creating environment hook '/home/ivan/ros2_ws/src/imu_tools/install/imu_tools/share/imu_tools/hook/cmake_prefix_path.ps1'
[27.681s] INFO:colcon.colcon_core.shell:Creating environment descriptor '/home/ivan/ros2_ws/src/imu_tools/install/imu_tools/share/imu_tools/hook/cmake_prefix_path.dsv'
[27.682s] INFO:colcon.colcon_core.shell:Creating environment hook '/home/ivan/ros2_ws/src/imu_tools/install/imu_tools/share/imu_tools/hook/cmake_prefix_path.sh'
[27.683s] Level 1:colcon.colcon_core.environment:checking '/home/ivan/ros2_ws/src/imu_tools/install/imu_tools/lib'
[27.684s] Level 1:colcon.colcon_core.environment:checking '/home/ivan/ros2_ws/src/imu_tools/install/imu_tools/bin'
[27.684s] Level 1:colcon.colcon_core.environment:checking '/home/ivan/ros2_ws/src/imu_tools/install/imu_tools/lib/pkgconfig/imu_tools.pc'
[27.684s] Level 1:colcon.colcon_core.environment:checking '/home/ivan/ros2_ws/src/imu_tools/install/imu_tools/lib/python3.12/site-packages'
[27.685s] Level 1:colcon.colcon_core.environment:checking '/home/ivan/ros2_ws/src/imu_tools/install/imu_tools/bin'
[27.685s] INFO:colcon.colcon_core.shell:Creating package script '/home/ivan/ros2_ws/src/imu_tools/install/imu_tools/share/imu_tools/package.ps1'
[27.687s] INFO:colcon.colcon_core.shell:Creating package descriptor '/home/ivan/ros2_ws/src/imu_tools/install/imu_tools/share/imu_tools/package.dsv'
[27.688s] INFO:colcon.colcon_core.shell:Creating package script '/home/ivan/ros2_ws/src/imu_tools/install/imu_tools/share/imu_tools/package.sh'
[27.689s] INFO:colcon.colcon_core.shell:Creating package script '/home/ivan/ros2_ws/src/imu_tools/install/imu_tools/share/imu_tools/package.bash'
[27.691s] INFO:colcon.colcon_core.shell:Creating package script '/home/ivan/ros2_ws/src/imu_tools/install/imu_tools/share/imu_tools/package.zsh'
[27.692s] Level 1:colcon.colcon_core.environment:create_file_with_runtime_dependencies(/home/ivan/ros2_ws/src/imu_tools/install/imu_tools/share/colcon-core/packages/imu_tools)
[27.694s] Level 1:colcon.colcon_core.environment:create_environment_scripts_only(imu_tools)
[27.694s] Level 1:colcon.colcon_core.environment:checking '/home/ivan/ros2_ws/src/imu_tools/install/imu_tools' for CMake module files
[27.695s] Level 1:colcon.colcon_core.environment:checking '/home/ivan/ros2_ws/src/imu_tools/install/imu_tools' for CMake config files
[27.696s] Level 1:colcon.colcon_core.shell:create_environment_hook('imu_tools', 'cmake_prefix_path')
[27.696s] INFO:colcon.colcon_core.shell:Creating environment hook '/home/ivan/ros2_ws/src/imu_tools/install/imu_tools/share/imu_tools/hook/cmake_prefix_path.ps1'
[27.697s] INFO:colcon.colcon_core.shell:Creating environment descriptor '/home/ivan/ros2_ws/src/imu_tools/install/imu_tools/share/imu_tools/hook/cmake_prefix_path.dsv'
[27.697s] INFO:colcon.colcon_core.shell:Creating environment hook '/home/ivan/ros2_ws/src/imu_tools/install/imu_tools/share/imu_tools/hook/cmake_prefix_path.sh'
[27.698s] Level 1:colcon.colcon_core.environment:checking '/home/ivan/ros2_ws/src/imu_tools/install/imu_tools/lib'
[27.699s] Level 1:colcon.colcon_core.environment:checking '/home/ivan/ros2_ws/src/imu_tools/install/imu_tools/bin'
[27.699s] Level 1:colcon.colcon_core.environment:checking '/home/ivan/ros2_ws/src/imu_tools/install/imu_tools/lib/pkgconfig/imu_tools.pc'
[27.699s] Level 1:colcon.colcon_core.environment:checking '/home/ivan/ros2_ws/src/imu_tools/install/imu_tools/lib/python3.12/site-packages'
[27.699s] Level 1:colcon.colcon_core.environment:checking '/home/ivan/ros2_ws/src/imu_tools/install/imu_tools/bin'
[27.700s] INFO:colcon.colcon_core.shell:Creating package script '/home/ivan/ros2_ws/src/imu_tools/install/imu_tools/share/imu_tools/package.ps1'
[27.702s] INFO:colcon.colcon_core.shell:Creating package descriptor '/home/ivan/ros2_ws/src/imu_tools/install/imu_tools/share/imu_tools/package.dsv'
[27.703s] INFO:colcon.colcon_core.shell:Creating package script '/home/ivan/ros2_ws/src/imu_tools/install/imu_tools/share/imu_tools/package.sh'
[27.704s] INFO:colcon.colcon_core.shell:Creating package script '/home/ivan/ros2_ws/src/imu_tools/install/imu_tools/share/imu_tools/package.bash'
[27.704s] INFO:colcon.colcon_core.shell:Creating package script '/home/ivan/ros2_ws/src/imu_tools/install/imu_tools/share/imu_tools/package.zsh'
[27.705s] Level 1:colcon.colcon_core.environment:create_file_with_runtime_dependencies(/home/ivan/ros2_ws/src/imu_tools/install/imu_tools/share/colcon-core/packages/imu_tools)
[27.705s] DEBUG:colcon.colcon_parallel_executor.executor.parallel:closing loop
[27.705s] DEBUG:colcon.colcon_parallel_executor.executor.parallel:loop closed
[27.706s] DEBUG:colcon.colcon_parallel_executor.executor.parallel:run_until_complete finished with '0'
[27.706s] DEBUG:colcon.colcon_core.event_reactor:joining thread
[27.735s] INFO:colcon.colcon_core.plugin_system:Skipping extension 'colcon_notification.desktop_notification.terminal_notifier': Not used on non-Darwin systems
[27.735s] INFO:colcon.colcon_core.plugin_system:Skipping extension 'colcon_notification.desktop_notification.win32': Not used on non-Windows systems
[27.735s] INFO:colcon.colcon_notification.desktop_notification:Sending desktop notification using 'notify2'
[27.804s] DEBUG:colcon.colcon_core.event_reactor:joined thread
[27.805s] INFO:colcon.colcon_core.shell:Creating prefix script '/home/ivan/ros2_ws/src/imu_tools/install/local_setup.ps1'
[27.807s] INFO:colcon.colcon_core.shell:Creating prefix util module '/home/ivan/ros2_ws/src/imu_tools/install/_local_setup_util_ps1.py'
[27.810s] INFO:colcon.colcon_core.shell:Creating prefix chain script '/home/ivan/ros2_ws/src/imu_tools/install/setup.ps1'
[27.814s] INFO:colcon.colcon_core.shell:Creating prefix script '/home/ivan/ros2_ws/src/imu_tools/install/local_setup.sh'
[27.815s] INFO:colcon.colcon_core.shell:Creating prefix util module '/home/ivan/ros2_ws/src/imu_tools/install/_local_setup_util_sh.py'
[27.816s] INFO:colcon.colcon_core.shell:Creating prefix chain script '/home/ivan/ros2_ws/src/imu_tools/install/setup.sh'
[27.820s] INFO:colcon.colcon_core.shell:Creating prefix script '/home/ivan/ros2_ws/src/imu_tools/install/local_setup.bash'
[27.821s] INFO:colcon.colcon_core.shell:Creating prefix chain script '/home/ivan/ros2_ws/src/imu_tools/install/setup.bash'
[27.824s] INFO:colcon.colcon_core.shell:Creating prefix script '/home/ivan/ros2_ws/src/imu_tools/install/local_setup.zsh'
[27.825s] INFO:colcon.colcon_core.shell:Creating prefix chain script '/home/ivan/ros2_ws/src/imu_tools/install/setup.zsh'
